#
# A fatal error has been detected by the Java Runtime Environment:
#
#  EXCEPTION_ACCESS_VIOLATION (0xc0000005) at pc=0x00000173a142fcaf, pid=4336, tid=12496
#
# JRE version: Java(TM) SE Runtime Environment (17.0.2+8) (build 17.0.2+8-LTS-86)
# Java VM: Java HotSpot(TM) 64-Bit Server VM (17.0.2+8-LTS-86, mixed mode, sharing, tiered, compressed oops, compressed class ptrs, g1 gc, windows-amd64)
# Problematic frame:
# J 843 c2 jdk.internal.misc.Unsafe.getLong(J)J java.base@17.0.2 (7 bytes) @ 0x00000173a142fcaf [0x00000173a142fc80+0x000000000000002f]
#
# No core dump will be written. Minidumps are not enabled by default on client versions of Windows
#
# If you would like to submit a bug report, please visit:
#   https://bugreport.java.com/bugreport/crash.jsp
#

---------------  S U M M A R Y ------------

Command Line: -Dorg.gradle.internal.worker.tmpdir=C:\Users\someb\Documents\IdeaProjects\DynamicJava\app\build\tmp\test\work -Dorg.gradle.native=false -Xmx512m -Dfile.encoding=windows-1251 -Duser.country=RU -Duser.language=ru -Duser.variant -ea worker.org.gradle.process.internal.worker.GradleWorkerMain 'Gradle Test Executor 62'

Host: Intel(R) Core(TM) i3-6100U CPU @ 2.30GHz, 4 cores, 11G,  Windows 10 , 64 bit Build 19041 (10.0.19041.3636)
Time: Fri Jul  5 23:55:22 2024  Windows 10 , 64 bit Build 19041 (10.0.19041.3636) elapsed time: 1.402735 seconds (0d 0h 0m 1s)

---------------  T H R E A D  ---------------

Current thread (0x00000173920c9aa0):  JavaThread "Test worker" [_thread_in_Java, id=12496, stack(0x00000070cae00000,0x00000070caf00000)]

Stack: [0x00000070cae00000,0x00000070caf00000],  sp=0x00000070caefb310,  free space=1004k
Native frames: (J=compiled Java code, j=interpreted, Vv=VM code, C=native code)
C  0x00000173a142fcaf


siginfo: EXCEPTION_ACCESS_VIOLATION (0xc0000005), reading address 0x000000000000000c


Register to memory mapping:

RIP=0x00000173a142fcaf is at entry_point+47 in (nmethod*)0x00000173a142fb10
RAX={method} {0x00000008004146b0} 'getLong' '(J)J' in 'jdk/internal/misc/Unsafe'
RBX={method} {0x00000008004146b0} 'getLong' '(J)J' in 'jdk/internal/misc/Unsafe'
RCX=0x00000000e01dc558 is an oop: jdk.internal.misc.Unsafe 
{0x00000000e01dc558} - klass: 'jdk/internal/misc/Unsafe'
 - ---- fields (total size 2 words):
RDX=0x00000000e01dc558 is an oop: jdk.internal.misc.Unsafe 
{0x00000000e01dc558} - klass: 'jdk/internal/misc/Unsafe'
 - ---- fields (total size 2 words):
RSP=0x00000070caefb310 is pointing into the stack for thread: 0x00000173920c9aa0
RBP=0x00000070caefb3a0 is pointing into the stack for thread: 0x00000173920c9aa0
RSI=0x0 is NULL
RDI=0x00000173999294fe is at code_begin+1118 in an Interpreter codelet
return entry points  [0x00000173999290a0, 0x0000017399929ba0]  2816 bytes
R8 =0x000000000000000c is an unknown value
R9 =0x0000000000000006 is an unknown value
R10=0x000000000000000c is an unknown value
R11=0x00000173a142fca0 is at entry_point+32 in (nmethod*)0x00000173a142fb10
R12=0x0 is NULL
R13=0x00000070caefb340 is pointing into the stack for thread: 0x00000173920c9aa0
R14=0x00000070caefb3c0 is pointing into the stack for thread: 0x00000173920c9aa0
R15=0x00000173920c9aa0 is a thread


Registers:
RAX=0x00000008004146a8, RBX=0x00000008004146a8, RCX=0x00000000e01dc558, RDX=0x00000000e01dc558
RSP=0x00000070caefb310, RBP=0x00000070caefb3a0, RSI=0x0000000000000000, RDI=0x00000173999294fe
R8 =0x000000000000000c, R9 =0x0000000000000006, R10=0x000000000000000c, R11=0x00000173a142fca0
R12=0x0000000000000000, R13=0x00000070caefb340, R14=0x00000070caefb3c0, R15=0x00000173920c9aa0
RIP=0x00000173a142fcaf, EFLAGS=0x0000000000010202

Top of Stack: (sp=0x00000070caefb310)
0x00000070caefb310:   00000173ac7b69b8 00000000000000b6
0x00000070caefb320:   00000070caefb3a0 00000173999295cd
0x00000070caefb330:   00000173ac7b69b8 00000173999295cd
0x00000070caefb340:   000000000000000c 0000000000000000
0x00000070caefb350:   00000000e01dc558 00000070caefb358
0x00000070caefb360:   00000173ac7b698c 00000070caefb3c0
0x00000070caefb370:   00000173ac7ba110 0000000000000000
0x00000070caefb380:   00000000eb3d7d38 00000173ac7b69b8
0x00000070caefb390:   00000070caefb340 00000070caefb3b0
0x00000070caefb3a0:   00000070caefb448 00000173999295cd
0x00000070caefb3b0:   000000000000000c 0000000000000000
0x00000070caefb3c0:   00000000eb3dce20 00000000eb3dce20
0x00000070caefb3d0:   00000000eb3dce20 0000000000000000
0x00000070caefb3e0:   00000000eb3fd510 00000000eb3fd510
0x00000070caefb3f0:   00000000eb3fd4e0 00000000eae9c028
0x00000070caefb400:   00000070caefb400 00000173ac9bc541 

Instructions: (pc=0x00000173a142fcaf)
0x00000173a142fbaf:   00 00 fd 42 a1 73 01 00 00 00 fd 42 a1 73 01 00
0x00000173a142fbbf:   00 00 00 00 00 00 00 00 00 00 00 00 00 00 00 00
0x00000173a142fbcf:   00 ff ff ff ff 00 00 00 00 00 00 00 00 00 00 00
0x00000173a142fbdf:   00 00 00 00 00 00 00 00 00 80 fc 42 a1 73 01 00
0x00000173a142fbef:   00 a0 fc 42 a1 73 01 00 00 80 fc 42 a1 73 01 00
0x00000173a142fbff:   00 d0 01 00 00 ff ff ff ff 70 01 00 00 d0 01 00
0x00000173a142fc0f:   00 e8 01 00 00 e8 01 00 00 00 00 00 00 f0 01 00
0x00000173a142fc1f:   00 10 02 00 00 18 02 00 00 18 02 00 00 18 02 00
0x00000173a142fc2f:   00 18 02 00 00 18 02 00 00 18 02 00 00 00 00 00
0x00000173a142fc3f:   00 4b 03 00 00 04 00 00 00 00 00 00 00 02 00 00
0x00000173a142fc4f:   00 00 00 00 00 00 00 00 00 e0 01 00 00 02 00 00
0x00000173a142fc5f:   00 ff ff ff ff ff ff ff ff 14 60 23 b0 0e f0 0e
0x00000173a142fc6f:   80 11 64 0a 00 00 64 0f 64 00 00 00 00 00 00 00
0x00000173a142fc7f:   00 44 8b 52 08 49 bb 00 00 00 00 08 00 00 00 4d
0x00000173a142fc8f:   03 d3 49 3b c2 0f 85 e6 cd 53 f8 66 90 0f 1f 40
0x00000173a142fc9f:   00 48 81 ec 18 00 00 00 48 89 6c 24 10 4d 8b d0
0x00000173a142fcaf:   49 8b 02 48 83 c4 10 5d 49 3b a7 40 03 00 00 0f
0x00000173a142fcbf:   87 01 00 00 00 c3 49 ba b7 fc 42 a1 73 01 00 00
0x00000173a142fccf:   4d 89 97 58 03 00 00 e9 25 37 54 f8 f4 f4 f4 f4
0x00000173a142fcdf:   f4 e9 9b 48 5e f8 e8 00 00 00 00 48 83 2c 24 05
0x00000173a142fcef:   e9 ac 29 54 f8 f4 f4 f4 f4 ff 00 00 00 00 00 00
0x00000173a142fcff:   00 ff ff ff ff 00 00 00 00 00 00 00 00 00 00 00
0x00000173a142fd0f:   00 79 00 00 00 00 00 00 00 00 00 00 00 00 00 00
0x00000173a142fd1f:   00 00 00 00 00 00 00 00 00 00 00 00 00 00 00 00
0x00000173a142fd2f:   00 00 00 00 00 00 00 00 00 00 00 00 00 00 00 00
0x00000173a142fd3f:   00 00 00 00 00 00 00 00 00 00 00 00 00 00 00 00
0x00000173a142fd4f:   00 00 00 00 00 00 00 00 00 00 00 00 00 00 00 00
0x00000173a142fd5f:   00 00 00 00 00 00 00 00 00 00 00 00 00 00 00 00
0x00000173a142fd6f:   00 00 00 00 00 00 00 00 00 00 00 00 00 00 00 00
0x00000173a142fd7f:   00 00 00 00 00 00 00 00 00 00 00 00 00 00 00 00
0x00000173a142fd8f:   00 00 00 00 00 00 00 00 00 00 00 00 00 00 00 00
0x00000173a142fd9f:   00 00 00 00 00 00 00 00 00 00 00 00 00 00 00 00 


Stack slot to memory mapping:
stack at sp + 0 slots: {method} {0x00000173ac7b69c0} 'getLong' '(J)J' in 'sun/misc/Unsafe'
stack at sp + 1 slots: 0x00000000000000b6 is an unknown value
stack at sp + 2 slots: 0x00000070caefb3a0 is pointing into the stack for thread: 0x00000173920c9aa0
stack at sp + 3 slots: 0x00000173999295cd is at code_begin+1325 in an Interpreter codelet
return entry points  [0x00000173999290a0, 0x0000017399929ba0]  2816 bytes
stack at sp + 4 slots: {method} {0x00000173ac7b69c0} 'getLong' '(J)J' in 'sun/misc/Unsafe'
stack at sp + 5 slots: 0x00000173999295cd is at code_begin+1325 in an Interpreter codelet
return entry points  [0x00000173999290a0, 0x0000017399929ba0]  2816 bytes
stack at sp + 6 slots: 0x000000000000000c is an unknown value
stack at sp + 7 slots: 0x0 is NULL

--------------------------------------------------------------------------------
[Constant Pool (empty)]

--------------------------------------------------------------------------------

[MachCode]
  0x00000173a142fc80: 448b 5208 | 49bb 0000 | 0000 0800 | 0000 4d03 | d349 3bc2 | 0f85 e6cd | 53f8 6690 | 0f1f 4000 
  0x00000173a142fca0: 4881 ec18 | 0000 0048 | 896c 2410 | 4d8b d049 | 8b02 4883 | c410 5d49 | 3ba7 4003 | 0000 0f87 
  0x00000173a142fcc0: 0100 0000 | c349 bab7 | fc42 a173 | 0100 004d | 8997 5803 | 0000 e925 | 3754 f8f4 | f4f4 f4f4 
  0x00000173a142fce0: e99b 485e | f8e8 0000 | 0000 4883 | 2c24 05e9 | ac29 54f8 | f4f4 f4f4 
[/MachCode]
--------------------------------------------------------------------------------


---------------  P R O C E S S  ---------------

Threads class SMR info:
_java_thread_list=0x00000173ad27e8b0, length=15, elements={
0x00000173920c9aa0, 0x00000173ac098820, 0x00000173ac099d40, 0x00000173ac0b4c70,
0x00000173ac0b5730, 0x00000173ac0b88a0, 0x00000173ac0b9900, 0x00000173ac0c5aa0,
0x00000173ac0c6bf0, 0x00000173ac0d4c20, 0x00000173acca39b0, 0x00000173accac2b0,
0x00000173ad100a80, 0x00000173ad254980, 0x00000173ad244940
}

Java Threads: ( => current thread )
=>0x00000173920c9aa0 JavaThread "Test worker" [_thread_in_Java, id=12496, stack(0x00000070cae00000,0x00000070caf00000)]
  0x00000173ac098820 JavaThread "Reference Handler" daemon [_thread_blocked, id=5352, stack(0x00000070cb500000,0x00000070cb600000)]
  0x00000173ac099d40 JavaThread "Finalizer" daemon [_thread_blocked, id=10812, stack(0x00000070cb600000,0x00000070cb700000)]
  0x00000173ac0b4c70 JavaThread "Signal Dispatcher" daemon [_thread_blocked, id=9320, stack(0x00000070cb700000,0x00000070cb800000)]
  0x00000173ac0b5730 JavaThread "Attach Listener" daemon [_thread_blocked, id=4540, stack(0x00000070cb800000,0x00000070cb900000)]
  0x00000173ac0b88a0 JavaThread "Service Thread" daemon [_thread_blocked, id=2256, stack(0x00000070cb900000,0x00000070cba00000)]
  0x00000173ac0b9900 JavaThread "Monitor Deflation Thread" daemon [_thread_blocked, id=4144, stack(0x00000070cba00000,0x00000070cbb00000)]
  0x00000173ac0c5aa0 JavaThread "C2 CompilerThread0" daemon [_thread_blocked, id=11088, stack(0x00000070cbb00000,0x00000070cbc00000)]
  0x00000173ac0c6bf0 JavaThread "C1 CompilerThread0" daemon [_thread_blocked, id=288, stack(0x00000070cbc00000,0x00000070cbd00000)]
  0x00000173ac0d4c20 JavaThread "Sweeper thread" daemon [_thread_blocked, id=8748, stack(0x00000070cbd00000,0x00000070cbe00000)]
  0x00000173acca39b0 JavaThread "Notification Thread" daemon [_thread_blocked, id=620, stack(0x00000070cbe00000,0x00000070cbf00000)]
  0x00000173accac2b0 JavaThread "Common-Cleaner" daemon [_thread_blocked, id=13028, stack(0x00000070cc000000,0x00000070cc100000)]
  0x00000173ad100a80 JavaThread "/127.0.0.1:55478 to /127.0.0.1:55477 workers" [_thread_blocked, id=12268, stack(0x00000070cc200000,0x00000070cc300000)]
  0x00000173ad254980 JavaThread "/127.0.0.1:55478 to /127.0.0.1:55477 workers Thread 2" [_thread_blocked, id=1268, stack(0x00000070cc800000,0x00000070cc900000)]
  0x00000173ad244940 JavaThread "/127.0.0.1:55478 to /127.0.0.1:55477 workers Thread 3" [_thread_in_native, id=4116, stack(0x00000070cc900000,0x00000070cca00000)]

Other Threads:
  0x00000173ac092cb0 VMThread "VM Thread" [stack: 0x00000070cb400000,0x00000070cb500000] [id=8112]
  0x00000173920ff7a0 WatcherThread [stack: 0x00000070cbf00000,0x00000070cc000000] [id=10604]
  0x00000173920efd90 GCTaskThread "GC Thread#0" [stack: 0x00000070caf00000,0x00000070cb000000] [id=7464]
  0x00000173ad2314c0 GCTaskThread "GC Thread#1" [stack: 0x00000070cc300000,0x00000070cc400000] [id=756]
  0x00000173ad2b0e00 GCTaskThread "GC Thread#2" [stack: 0x00000070cc400000,0x00000070cc500000] [id=5156]
  0x00000173acd03890 GCTaskThread "GC Thread#3" [stack: 0x00000070cc500000,0x00000070cc600000] [id=12612]
  0x00000173920f6c00 ConcurrentGCThread "G1 Main Marker" [stack: 0x00000070cb000000,0x00000070cb100000] [id=10376]
  0x00000173920f8cd0 ConcurrentGCThread "G1 Conc#0" [stack: 0x00000070cb100000,0x00000070cb200000] [id=12300]
  0x0000017392189060 ConcurrentGCThread "G1 Refine#0" [stack: 0x00000070cb200000,0x00000070cb300000] [id=9864]
  0x00000173ace08f20 ConcurrentGCThread "G1 Refine#1" [stack: 0x00000070cc600000,0x00000070cc700000] [id=1904]
  0x00000173acd6d530 ConcurrentGCThread "G1 Refine#2" [stack: 0x00000070cc700000,0x00000070cc800000] [id=4084]
  0x0000017392189990 ConcurrentGCThread "G1 Service" [stack: 0x00000070cb300000,0x00000070cb400000] [id=3864]

Threads with active compile tasks:

VM state: not at safepoint (normal execution)

VM Mutex/Monitor currently owned by a thread: None

Heap address: 0x00000000e0000000, size: 512 MB, Compressed Oops mode: 32-bit

CDS archive(s) mapped at: [0x0000000800000000-0x0000000800bc0000-0x0000000800bc0000), size 12320768, SharedBaseAddress: 0x0000000800000000, ArchiveRelocationMode: 0.
Compressed class space mapped at: 0x0000000800c00000-0x0000000840c00000, reserved size: 1073741824
Narrow klass base: 0x0000000800000000, Narrow klass shift: 0, Narrow klass range: 0x100000000

GC Precious Log:
 CPUs: 4 total, 4 available
 Memory: 11707M
 Large Page Support: Disabled
 NUMA Support: Disabled
 Compressed Oops: Enabled (32-bit)
 Heap Region Size: 1M
 Heap Min Capacity: 8M
 Heap Initial Capacity: 184M
 Heap Max Capacity: 512M
 Pre-touch: Disabled
 Parallel Workers: 4
 Concurrent Workers: 1
 Concurrent Refinement Workers: 4
 Periodic GC: Disabled

Heap:
 garbage-first heap   total 188416K, used 10031K [0x00000000e0000000, 0x0000000100000000)
  region size 1024K, 7 young (7168K), 1 survivors (1024K)
 Metaspace       used 8145K, committed 8384K, reserved 1056768K
  class space    used 1135K, committed 1280K, reserved 1048576K

Heap Regions: E=young(eden), S=young(survivor), O=old, HS=humongous(starts), HC=humongous(continues), CS=collection set, F=free, OA=open archive, CA=closed archive, TAMS=top-at-mark-start (previous, next)
|   0|0x00000000e0000000, 0x00000000e0100000, 0x00000000e0100000|100%| O|  |TAMS 0x00000000e0000000, 0x00000000e0000000| Untracked 
|   1|0x00000000e0100000, 0x00000000e0200000, 0x00000000e0200000|100%| O|  |TAMS 0x00000000e0100000, 0x00000000e0100000| Untracked 
|   2|0x00000000e0200000, 0x00000000e0300000, 0x00000000e0300000|100%| O|  |TAMS 0x00000000e0200000, 0x00000000e0200000| Untracked 
|   3|0x00000000e0300000, 0x00000000e0400000, 0x00000000e0400000|100%| O|  |TAMS 0x00000000e0300000, 0x00000000e0300000| Untracked 
|   4|0x00000000e0400000, 0x00000000e0415c00, 0x00000000e0500000|  8%| O|  |TAMS 0x00000000e0400000, 0x00000000e0400000| Untracked 
|   5|0x00000000e0500000, 0x00000000e0500000, 0x00000000e0600000|  0%| F|  |TAMS 0x00000000e0500000, 0x00000000e0500000| Untracked 
|   6|0x00000000e0600000, 0x00000000e0600000, 0x00000000e0700000|  0%| F|  |TAMS 0x00000000e0600000, 0x00000000e0600000| Untracked 
|   7|0x00000000e0700000, 0x00000000e0700000, 0x00000000e0800000|  0%| F|  |TAMS 0x00000000e0700000, 0x00000000e0700000| Untracked 
|   8|0x00000000e0800000, 0x00000000e0800000, 0x00000000e0900000|  0%| F|  |TAMS 0x00000000e0800000, 0x00000000e0800000| Untracked 
|   9|0x00000000e0900000, 0x00000000e0900000, 0x00000000e0a00000|  0%| F|  |TAMS 0x00000000e0900000, 0x00000000e0900000| Untracked 
|  10|0x00000000e0a00000, 0x00000000e0a00000, 0x00000000e0b00000|  0%| F|  |TAMS 0x00000000e0a00000, 0x00000000e0a00000| Untracked 
|  11|0x00000000e0b00000, 0x00000000e0b00000, 0x00000000e0c00000|  0%| F|  |TAMS 0x00000000e0b00000, 0x00000000e0b00000| Untracked 
|  12|0x00000000e0c00000, 0x00000000e0c00000, 0x00000000e0d00000|  0%| F|  |TAMS 0x00000000e0c00000, 0x00000000e0c00000| Untracked 
|  13|0x00000000e0d00000, 0x00000000e0d00000, 0x00000000e0e00000|  0%| F|  |TAMS 0x00000000e0d00000, 0x00000000e0d00000| Untracked 
|  14|0x00000000e0e00000, 0x00000000e0e00000, 0x00000000e0f00000|  0%| F|  |TAMS 0x00000000e0e00000, 0x00000000e0e00000| Untracked 
|  15|0x00000000e0f00000, 0x00000000e0f00000, 0x00000000e1000000|  0%| F|  |TAMS 0x00000000e0f00000, 0x00000000e0f00000| Untracked 
|  16|0x00000000e1000000, 0x00000000e1000000, 0x00000000e1100000|  0%| F|  |TAMS 0x00000000e1000000, 0x00000000e1000000| Untracked 
|  17|0x00000000e1100000, 0x00000000e1100000, 0x00000000e1200000|  0%| F|  |TAMS 0x00000000e1100000, 0x00000000e1100000| Untracked 
|  18|0x00000000e1200000, 0x00000000e1200000, 0x00000000e1300000|  0%| F|  |TAMS 0x00000000e1200000, 0x00000000e1200000| Untracked 
|  19|0x00000000e1300000, 0x00000000e1300000, 0x00000000e1400000|  0%| F|  |TAMS 0x00000000e1300000, 0x00000000e1300000| Untracked 
|  20|0x00000000e1400000, 0x00000000e1400000, 0x00000000e1500000|  0%| F|  |TAMS 0x00000000e1400000, 0x00000000e1400000| Untracked 
|  21|0x00000000e1500000, 0x00000000e1500000, 0x00000000e1600000|  0%| F|  |TAMS 0x00000000e1500000, 0x00000000e1500000| Untracked 
|  22|0x00000000e1600000, 0x00000000e1600000, 0x00000000e1700000|  0%| F|  |TAMS 0x00000000e1600000, 0x00000000e1600000| Untracked 
|  23|0x00000000e1700000, 0x00000000e1700000, 0x00000000e1800000|  0%| F|  |TAMS 0x00000000e1700000, 0x00000000e1700000| Untracked 
|  24|0x00000000e1800000, 0x00000000e1800000, 0x00000000e1900000|  0%| F|  |TAMS 0x00000000e1800000, 0x00000000e1800000| Untracked 
|  25|0x00000000e1900000, 0x00000000e1900000, 0x00000000e1a00000|  0%| F|  |TAMS 0x00000000e1900000, 0x00000000e1900000| Untracked 
|  26|0x00000000e1a00000, 0x00000000e1a00000, 0x00000000e1b00000|  0%| F|  |TAMS 0x00000000e1a00000, 0x00000000e1a00000| Untracked 
|  27|0x00000000e1b00000, 0x00000000e1b00000, 0x00000000e1c00000|  0%| F|  |TAMS 0x00000000e1b00000, 0x00000000e1b00000| Untracked 
|  28|0x00000000e1c00000, 0x00000000e1c00000, 0x00000000e1d00000|  0%| F|  |TAMS 0x00000000e1c00000, 0x00000000e1c00000| Untracked 
|  29|0x00000000e1d00000, 0x00000000e1d00000, 0x00000000e1e00000|  0%| F|  |TAMS 0x00000000e1d00000, 0x00000000e1d00000| Untracked 
|  30|0x00000000e1e00000, 0x00000000e1e00000, 0x00000000e1f00000|  0%| F|  |TAMS 0x00000000e1e00000, 0x00000000e1e00000| Untracked 
|  31|0x00000000e1f00000, 0x00000000e1f00000, 0x00000000e2000000|  0%| F|  |TAMS 0x00000000e1f00000, 0x00000000e1f00000| Untracked 
|  32|0x00000000e2000000, 0x00000000e2000000, 0x00000000e2100000|  0%| F|  |TAMS 0x00000000e2000000, 0x00000000e2000000| Untracked 
|  33|0x00000000e2100000, 0x00000000e2100000, 0x00000000e2200000|  0%| F|  |TAMS 0x00000000e2100000, 0x00000000e2100000| Untracked 
|  34|0x00000000e2200000, 0x00000000e2200000, 0x00000000e2300000|  0%| F|  |TAMS 0x00000000e2200000, 0x00000000e2200000| Untracked 
|  35|0x00000000e2300000, 0x00000000e2300000, 0x00000000e2400000|  0%| F|  |TAMS 0x00000000e2300000, 0x00000000e2300000| Untracked 
|  36|0x00000000e2400000, 0x00000000e2400000, 0x00000000e2500000|  0%| F|  |TAMS 0x00000000e2400000, 0x00000000e2400000| Untracked 
|  37|0x00000000e2500000, 0x00000000e2500000, 0x00000000e2600000|  0%| F|  |TAMS 0x00000000e2500000, 0x00000000e2500000| Untracked 
|  38|0x00000000e2600000, 0x00000000e2600000, 0x00000000e2700000|  0%| F|  |TAMS 0x00000000e2600000, 0x00000000e2600000| Untracked 
|  39|0x00000000e2700000, 0x00000000e2700000, 0x00000000e2800000|  0%| F|  |TAMS 0x00000000e2700000, 0x00000000e2700000| Untracked 
|  40|0x00000000e2800000, 0x00000000e2800000, 0x00000000e2900000|  0%| F|  |TAMS 0x00000000e2800000, 0x00000000e2800000| Untracked 
|  41|0x00000000e2900000, 0x00000000e2900000, 0x00000000e2a00000|  0%| F|  |TAMS 0x00000000e2900000, 0x00000000e2900000| Untracked 
|  42|0x00000000e2a00000, 0x00000000e2a00000, 0x00000000e2b00000|  0%| F|  |TAMS 0x00000000e2a00000, 0x00000000e2a00000| Untracked 
|  43|0x00000000e2b00000, 0x00000000e2b00000, 0x00000000e2c00000|  0%| F|  |TAMS 0x00000000e2b00000, 0x00000000e2b00000| Untracked 
|  44|0x00000000e2c00000, 0x00000000e2c00000, 0x00000000e2d00000|  0%| F|  |TAMS 0x00000000e2c00000, 0x00000000e2c00000| Untracked 
|  45|0x00000000e2d00000, 0x00000000e2d00000, 0x00000000e2e00000|  0%| F|  |TAMS 0x00000000e2d00000, 0x00000000e2d00000| Untracked 
|  46|0x00000000e2e00000, 0x00000000e2e00000, 0x00000000e2f00000|  0%| F|  |TAMS 0x00000000e2e00000, 0x00000000e2e00000| Untracked 
|  47|0x00000000e2f00000, 0x00000000e2f00000, 0x00000000e3000000|  0%| F|  |TAMS 0x00000000e2f00000, 0x00000000e2f00000| Untracked 
|  48|0x00000000e3000000, 0x00000000e3000000, 0x00000000e3100000|  0%| F|  |TAMS 0x00000000e3000000, 0x00000000e3000000| Untracked 
|  49|0x00000000e3100000, 0x00000000e3100000, 0x00000000e3200000|  0%| F|  |TAMS 0x00000000e3100000, 0x00000000e3100000| Untracked 
|  50|0x00000000e3200000, 0x00000000e3200000, 0x00000000e3300000|  0%| F|  |TAMS 0x00000000e3200000, 0x00000000e3200000| Untracked 
|  51|0x00000000e3300000, 0x00000000e3300000, 0x00000000e3400000|  0%| F|  |TAMS 0x00000000e3300000, 0x00000000e3300000| Untracked 
|  52|0x00000000e3400000, 0x00000000e3400000, 0x00000000e3500000|  0%| F|  |TAMS 0x00000000e3400000, 0x00000000e3400000| Untracked 
|  53|0x00000000e3500000, 0x00000000e3500000, 0x00000000e3600000|  0%| F|  |TAMS 0x00000000e3500000, 0x00000000e3500000| Untracked 
|  54|0x00000000e3600000, 0x00000000e3600000, 0x00000000e3700000|  0%| F|  |TAMS 0x00000000e3600000, 0x00000000e3600000| Untracked 
|  55|0x00000000e3700000, 0x00000000e3700000, 0x00000000e3800000|  0%| F|  |TAMS 0x00000000e3700000, 0x00000000e3700000| Untracked 
|  56|0x00000000e3800000, 0x00000000e3800000, 0x00000000e3900000|  0%| F|  |TAMS 0x00000000e3800000, 0x00000000e3800000| Untracked 
|  57|0x00000000e3900000, 0x00000000e3900000, 0x00000000e3a00000|  0%| F|  |TAMS 0x00000000e3900000, 0x00000000e3900000| Untracked 
|  58|0x00000000e3a00000, 0x00000000e3a00000, 0x00000000e3b00000|  0%| F|  |TAMS 0x00000000e3a00000, 0x00000000e3a00000| Untracked 
|  59|0x00000000e3b00000, 0x00000000e3b00000, 0x00000000e3c00000|  0%| F|  |TAMS 0x00000000e3b00000, 0x00000000e3b00000| Untracked 
|  60|0x00000000e3c00000, 0x00000000e3c00000, 0x00000000e3d00000|  0%| F|  |TAMS 0x00000000e3c00000, 0x00000000e3c00000| Untracked 
|  61|0x00000000e3d00000, 0x00000000e3d00000, 0x00000000e3e00000|  0%| F|  |TAMS 0x00000000e3d00000, 0x00000000e3d00000| Untracked 
|  62|0x00000000e3e00000, 0x00000000e3e00000, 0x00000000e3f00000|  0%| F|  |TAMS 0x00000000e3e00000, 0x00000000e3e00000| Untracked 
|  63|0x00000000e3f00000, 0x00000000e3f00000, 0x00000000e4000000|  0%| F|  |TAMS 0x00000000e3f00000, 0x00000000e3f00000| Untracked 
|  64|0x00000000e4000000, 0x00000000e4000000, 0x00000000e4100000|  0%| F|  |TAMS 0x00000000e4000000, 0x00000000e4000000| Untracked 
|  65|0x00000000e4100000, 0x00000000e4100000, 0x00000000e4200000|  0%| F|  |TAMS 0x00000000e4100000, 0x00000000e4100000| Untracked 
|  66|0x00000000e4200000, 0x00000000e4200000, 0x00000000e4300000|  0%| F|  |TAMS 0x00000000e4200000, 0x00000000e4200000| Untracked 
|  67|0x00000000e4300000, 0x00000000e4300000, 0x00000000e4400000|  0%| F|  |TAMS 0x00000000e4300000, 0x00000000e4300000| Untracked 
|  68|0x00000000e4400000, 0x00000000e4400000, 0x00000000e4500000|  0%| F|  |TAMS 0x00000000e4400000, 0x00000000e4400000| Untracked 
|  69|0x00000000e4500000, 0x00000000e4500000, 0x00000000e4600000|  0%| F|  |TAMS 0x00000000e4500000, 0x00000000e4500000| Untracked 
|  70|0x00000000e4600000, 0x00000000e4600000, 0x00000000e4700000|  0%| F|  |TAMS 0x00000000e4600000, 0x00000000e4600000| Untracked 
|  71|0x00000000e4700000, 0x00000000e4700000, 0x00000000e4800000|  0%| F|  |TAMS 0x00000000e4700000, 0x00000000e4700000| Untracked 
|  72|0x00000000e4800000, 0x00000000e4800000, 0x00000000e4900000|  0%| F|  |TAMS 0x00000000e4800000, 0x00000000e4800000| Untracked 
|  73|0x00000000e4900000, 0x00000000e4900000, 0x00000000e4a00000|  0%| F|  |TAMS 0x00000000e4900000, 0x00000000e4900000| Untracked 
|  74|0x00000000e4a00000, 0x00000000e4a00000, 0x00000000e4b00000|  0%| F|  |TAMS 0x00000000e4a00000, 0x00000000e4a00000| Untracked 
|  75|0x00000000e4b00000, 0x00000000e4b00000, 0x00000000e4c00000|  0%| F|  |TAMS 0x00000000e4b00000, 0x00000000e4b00000| Untracked 
|  76|0x00000000e4c00000, 0x00000000e4c00000, 0x00000000e4d00000|  0%| F|  |TAMS 0x00000000e4c00000, 0x00000000e4c00000| Untracked 
|  77|0x00000000e4d00000, 0x00000000e4d00000, 0x00000000e4e00000|  0%| F|  |TAMS 0x00000000e4d00000, 0x00000000e4d00000| Untracked 
|  78|0x00000000e4e00000, 0x00000000e4e00000, 0x00000000e4f00000|  0%| F|  |TAMS 0x00000000e4e00000, 0x00000000e4e00000| Untracked 
|  79|0x00000000e4f00000, 0x00000000e4f00000, 0x00000000e5000000|  0%| F|  |TAMS 0x00000000e4f00000, 0x00000000e4f00000| Untracked 
|  80|0x00000000e5000000, 0x00000000e5000000, 0x00000000e5100000|  0%| F|  |TAMS 0x00000000e5000000, 0x00000000e5000000| Untracked 
|  81|0x00000000e5100000, 0x00000000e5100000, 0x00000000e5200000|  0%| F|  |TAMS 0x00000000e5100000, 0x00000000e5100000| Untracked 
|  82|0x00000000e5200000, 0x00000000e5200000, 0x00000000e5300000|  0%| F|  |TAMS 0x00000000e5200000, 0x00000000e5200000| Untracked 
|  83|0x00000000e5300000, 0x00000000e5300000, 0x00000000e5400000|  0%| F|  |TAMS 0x00000000e5300000, 0x00000000e5300000| Untracked 
|  84|0x00000000e5400000, 0x00000000e5400000, 0x00000000e5500000|  0%| F|  |TAMS 0x00000000e5400000, 0x00000000e5400000| Untracked 
|  85|0x00000000e5500000, 0x00000000e5500000, 0x00000000e5600000|  0%| F|  |TAMS 0x00000000e5500000, 0x00000000e5500000| Untracked 
|  86|0x00000000e5600000, 0x00000000e5600000, 0x00000000e5700000|  0%| F|  |TAMS 0x00000000e5600000, 0x00000000e5600000| Untracked 
|  87|0x00000000e5700000, 0x00000000e5700000, 0x00000000e5800000|  0%| F|  |TAMS 0x00000000e5700000, 0x00000000e5700000| Untracked 
|  88|0x00000000e5800000, 0x00000000e5800000, 0x00000000e5900000|  0%| F|  |TAMS 0x00000000e5800000, 0x00000000e5800000| Untracked 
|  89|0x00000000e5900000, 0x00000000e5900000, 0x00000000e5a00000|  0%| F|  |TAMS 0x00000000e5900000, 0x00000000e5900000| Untracked 
|  90|0x00000000e5a00000, 0x00000000e5a00000, 0x00000000e5b00000|  0%| F|  |TAMS 0x00000000e5a00000, 0x00000000e5a00000| Untracked 
|  91|0x00000000e5b00000, 0x00000000e5b00000, 0x00000000e5c00000|  0%| F|  |TAMS 0x00000000e5b00000, 0x00000000e5b00000| Untracked 
|  92|0x00000000e5c00000, 0x00000000e5c00000, 0x00000000e5d00000|  0%| F|  |TAMS 0x00000000e5c00000, 0x00000000e5c00000| Untracked 
|  93|0x00000000e5d00000, 0x00000000e5d00000, 0x00000000e5e00000|  0%| F|  |TAMS 0x00000000e5d00000, 0x00000000e5d00000| Untracked 
|  94|0x00000000e5e00000, 0x00000000e5e00000, 0x00000000e5f00000|  0%| F|  |TAMS 0x00000000e5e00000, 0x00000000e5e00000| Untracked 
|  95|0x00000000e5f00000, 0x00000000e5f00000, 0x00000000e6000000|  0%| F|  |TAMS 0x00000000e5f00000, 0x00000000e5f00000| Untracked 
|  96|0x00000000e6000000, 0x00000000e6000000, 0x00000000e6100000|  0%| F|  |TAMS 0x00000000e6000000, 0x00000000e6000000| Untracked 
|  97|0x00000000e6100000, 0x00000000e6100000, 0x00000000e6200000|  0%| F|  |TAMS 0x00000000e6100000, 0x00000000e6100000| Untracked 
|  98|0x00000000e6200000, 0x00000000e6200000, 0x00000000e6300000|  0%| F|  |TAMS 0x00000000e6200000, 0x00000000e6200000| Untracked 
|  99|0x00000000e6300000, 0x00000000e6300000, 0x00000000e6400000|  0%| F|  |TAMS 0x00000000e6300000, 0x00000000e6300000| Untracked 
| 100|0x00000000e6400000, 0x00000000e6400000, 0x00000000e6500000|  0%| F|  |TAMS 0x00000000e6400000, 0x00000000e6400000| Untracked 
| 101|0x00000000e6500000, 0x00000000e6500000, 0x00000000e6600000|  0%| F|  |TAMS 0x00000000e6500000, 0x00000000e6500000| Untracked 
| 102|0x00000000e6600000, 0x00000000e6600000, 0x00000000e6700000|  0%| F|  |TAMS 0x00000000e6600000, 0x00000000e6600000| Untracked 
| 103|0x00000000e6700000, 0x00000000e6700000, 0x00000000e6800000|  0%| F|  |TAMS 0x00000000e6700000, 0x00000000e6700000| Untracked 
| 104|0x00000000e6800000, 0x00000000e6800000, 0x00000000e6900000|  0%| F|  |TAMS 0x00000000e6800000, 0x00000000e6800000| Untracked 
| 105|0x00000000e6900000, 0x00000000e6900000, 0x00000000e6a00000|  0%| F|  |TAMS 0x00000000e6900000, 0x00000000e6900000| Untracked 
| 106|0x00000000e6a00000, 0x00000000e6a00000, 0x00000000e6b00000|  0%| F|  |TAMS 0x00000000e6a00000, 0x00000000e6a00000| Untracked 
| 107|0x00000000e6b00000, 0x00000000e6b00000, 0x00000000e6c00000|  0%| F|  |TAMS 0x00000000e6b00000, 0x00000000e6b00000| Untracked 
| 108|0x00000000e6c00000, 0x00000000e6c00000, 0x00000000e6d00000|  0%| F|  |TAMS 0x00000000e6c00000, 0x00000000e6c00000| Untracked 
| 109|0x00000000e6d00000, 0x00000000e6d00000, 0x00000000e6e00000|  0%| F|  |TAMS 0x00000000e6d00000, 0x00000000e6d00000| Untracked 
| 110|0x00000000e6e00000, 0x00000000e6e00000, 0x00000000e6f00000|  0%| F|  |TAMS 0x00000000e6e00000, 0x00000000e6e00000| Untracked 
| 111|0x00000000e6f00000, 0x00000000e6f00000, 0x00000000e7000000|  0%| F|  |TAMS 0x00000000e6f00000, 0x00000000e6f00000| Untracked 
| 112|0x00000000e7000000, 0x00000000e7000000, 0x00000000e7100000|  0%| F|  |TAMS 0x00000000e7000000, 0x00000000e7000000| Untracked 
| 113|0x00000000e7100000, 0x00000000e7100000, 0x00000000e7200000|  0%| F|  |TAMS 0x00000000e7100000, 0x00000000e7100000| Untracked 
| 114|0x00000000e7200000, 0x00000000e7200000, 0x00000000e7300000|  0%| F|  |TAMS 0x00000000e7200000, 0x00000000e7200000| Untracked 
| 115|0x00000000e7300000, 0x00000000e7300000, 0x00000000e7400000|  0%| F|  |TAMS 0x00000000e7300000, 0x00000000e7300000| Untracked 
| 116|0x00000000e7400000, 0x00000000e7400000, 0x00000000e7500000|  0%| F|  |TAMS 0x00000000e7400000, 0x00000000e7400000| Untracked 
| 117|0x00000000e7500000, 0x00000000e7500000, 0x00000000e7600000|  0%| F|  |TAMS 0x00000000e7500000, 0x00000000e7500000| Untracked 
| 118|0x00000000e7600000, 0x00000000e7600000, 0x00000000e7700000|  0%| F|  |TAMS 0x00000000e7600000, 0x00000000e7600000| Untracked 
| 119|0x00000000e7700000, 0x00000000e7700000, 0x00000000e7800000|  0%| F|  |TAMS 0x00000000e7700000, 0x00000000e7700000| Untracked 
| 120|0x00000000e7800000, 0x00000000e7800000, 0x00000000e7900000|  0%| F|  |TAMS 0x00000000e7800000, 0x00000000e7800000| Untracked 
| 121|0x00000000e7900000, 0x00000000e7900000, 0x00000000e7a00000|  0%| F|  |TAMS 0x00000000e7900000, 0x00000000e7900000| Untracked 
| 122|0x00000000e7a00000, 0x00000000e7a00000, 0x00000000e7b00000|  0%| F|  |TAMS 0x00000000e7a00000, 0x00000000e7a00000| Untracked 
| 123|0x00000000e7b00000, 0x00000000e7b00000, 0x00000000e7c00000|  0%| F|  |TAMS 0x00000000e7b00000, 0x00000000e7b00000| Untracked 
| 124|0x00000000e7c00000, 0x00000000e7c00000, 0x00000000e7d00000|  0%| F|  |TAMS 0x00000000e7c00000, 0x00000000e7c00000| Untracked 
| 125|0x00000000e7d00000, 0x00000000e7d00000, 0x00000000e7e00000|  0%| F|  |TAMS 0x00000000e7d00000, 0x00000000e7d00000| Untracked 
| 126|0x00000000e7e00000, 0x00000000e7e00000, 0x00000000e7f00000|  0%| F|  |TAMS 0x00000000e7e00000, 0x00000000e7e00000| Untracked 
| 127|0x00000000e7f00000, 0x00000000e7f00000, 0x00000000e8000000|  0%| F|  |TAMS 0x00000000e7f00000, 0x00000000e7f00000| Untracked 
| 128|0x00000000e8000000, 0x00000000e8000000, 0x00000000e8100000|  0%| F|  |TAMS 0x00000000e8000000, 0x00000000e8000000| Untracked 
| 129|0x00000000e8100000, 0x00000000e8100000, 0x00000000e8200000|  0%| F|  |TAMS 0x00000000e8100000, 0x00000000e8100000| Untracked 
| 130|0x00000000e8200000, 0x00000000e8200000, 0x00000000e8300000|  0%| F|  |TAMS 0x00000000e8200000, 0x00000000e8200000| Untracked 
| 131|0x00000000e8300000, 0x00000000e8300000, 0x00000000e8400000|  0%| F|  |TAMS 0x00000000e8300000, 0x00000000e8300000| Untracked 
| 132|0x00000000e8400000, 0x00000000e8400000, 0x00000000e8500000|  0%| F|  |TAMS 0x00000000e8400000, 0x00000000e8400000| Untracked 
| 133|0x00000000e8500000, 0x00000000e8500000, 0x00000000e8600000|  0%| F|  |TAMS 0x00000000e8500000, 0x00000000e8500000| Untracked 
| 134|0x00000000e8600000, 0x00000000e8600000, 0x00000000e8700000|  0%| F|  |TAMS 0x00000000e8600000, 0x00000000e8600000| Untracked 
| 135|0x00000000e8700000, 0x00000000e8700000, 0x00000000e8800000|  0%| F|  |TAMS 0x00000000e8700000, 0x00000000e8700000| Untracked 
| 136|0x00000000e8800000, 0x00000000e8800000, 0x00000000e8900000|  0%| F|  |TAMS 0x00000000e8800000, 0x00000000e8800000| Untracked 
| 137|0x00000000e8900000, 0x00000000e8900000, 0x00000000e8a00000|  0%| F|  |TAMS 0x00000000e8900000, 0x00000000e8900000| Untracked 
| 138|0x00000000e8a00000, 0x00000000e8a00000, 0x00000000e8b00000|  0%| F|  |TAMS 0x00000000e8a00000, 0x00000000e8a00000| Untracked 
| 139|0x00000000e8b00000, 0x00000000e8b00000, 0x00000000e8c00000|  0%| F|  |TAMS 0x00000000e8b00000, 0x00000000e8b00000| Untracked 
| 140|0x00000000e8c00000, 0x00000000e8c00000, 0x00000000e8d00000|  0%| F|  |TAMS 0x00000000e8c00000, 0x00000000e8c00000| Untracked 
| 141|0x00000000e8d00000, 0x00000000e8d00000, 0x00000000e8e00000|  0%| F|  |TAMS 0x00000000e8d00000, 0x00000000e8d00000| Untracked 
| 142|0x00000000e8e00000, 0x00000000e8e00000, 0x00000000e8f00000|  0%| F|  |TAMS 0x00000000e8e00000, 0x00000000e8e00000| Untracked 
| 143|0x00000000e8f00000, 0x00000000e8f00000, 0x00000000e9000000|  0%| F|  |TAMS 0x00000000e8f00000, 0x00000000e8f00000| Untracked 
| 144|0x00000000e9000000, 0x00000000e9000000, 0x00000000e9100000|  0%| F|  |TAMS 0x00000000e9000000, 0x00000000e9000000| Untracked 
| 145|0x00000000e9100000, 0x00000000e9100000, 0x00000000e9200000|  0%| F|  |TAMS 0x00000000e9100000, 0x00000000e9100000| Untracked 
| 146|0x00000000e9200000, 0x00000000e9200000, 0x00000000e9300000|  0%| F|  |TAMS 0x00000000e9200000, 0x00000000e9200000| Untracked 
| 147|0x00000000e9300000, 0x00000000e9300000, 0x00000000e9400000|  0%| F|  |TAMS 0x00000000e9300000, 0x00000000e9300000| Untracked 
| 148|0x00000000e9400000, 0x00000000e9400000, 0x00000000e9500000|  0%| F|  |TAMS 0x00000000e9400000, 0x00000000e9400000| Untracked 
| 149|0x00000000e9500000, 0x00000000e9500000, 0x00000000e9600000|  0%| F|  |TAMS 0x00000000e9500000, 0x00000000e9500000| Untracked 
| 150|0x00000000e9600000, 0x00000000e9600000, 0x00000000e9700000|  0%| F|  |TAMS 0x00000000e9600000, 0x00000000e9600000| Untracked 
| 151|0x00000000e9700000, 0x00000000e9700000, 0x00000000e9800000|  0%| F|  |TAMS 0x00000000e9700000, 0x00000000e9700000| Untracked 
| 152|0x00000000e9800000, 0x00000000e9800000, 0x00000000e9900000|  0%| F|  |TAMS 0x00000000e9800000, 0x00000000e9800000| Untracked 
| 153|0x00000000e9900000, 0x00000000e9900000, 0x00000000e9a00000|  0%| F|  |TAMS 0x00000000e9900000, 0x00000000e9900000| Untracked 
| 154|0x00000000e9a00000, 0x00000000e9a00000, 0x00000000e9b00000|  0%| F|  |TAMS 0x00000000e9a00000, 0x00000000e9a00000| Untracked 
| 155|0x00000000e9b00000, 0x00000000e9b00000, 0x00000000e9c00000|  0%| F|  |TAMS 0x00000000e9b00000, 0x00000000e9b00000| Untracked 
| 156|0x00000000e9c00000, 0x00000000e9c00000, 0x00000000e9d00000|  0%| F|  |TAMS 0x00000000e9c00000, 0x00000000e9c00000| Untracked 
| 157|0x00000000e9d00000, 0x00000000e9d00000, 0x00000000e9e00000|  0%| F|  |TAMS 0x00000000e9d00000, 0x00000000e9d00000| Untracked 
| 158|0x00000000e9e00000, 0x00000000e9e00000, 0x00000000e9f00000|  0%| F|  |TAMS 0x00000000e9e00000, 0x00000000e9e00000| Untracked 
| 159|0x00000000e9f00000, 0x00000000e9f00000, 0x00000000ea000000|  0%| F|  |TAMS 0x00000000e9f00000, 0x00000000e9f00000| Untracked 
| 160|0x00000000ea000000, 0x00000000ea000000, 0x00000000ea100000|  0%| F|  |TAMS 0x00000000ea000000, 0x00000000ea000000| Untracked 
| 161|0x00000000ea100000, 0x00000000ea100000, 0x00000000ea200000|  0%| F|  |TAMS 0x00000000ea100000, 0x00000000ea100000| Untracked 
| 162|0x00000000ea200000, 0x00000000ea200000, 0x00000000ea300000|  0%| F|  |TAMS 0x00000000ea200000, 0x00000000ea200000| Untracked 
| 163|0x00000000ea300000, 0x00000000ea300000, 0x00000000ea400000|  0%| F|  |TAMS 0x00000000ea300000, 0x00000000ea300000| Untracked 
| 164|0x00000000ea400000, 0x00000000ea400000, 0x00000000ea500000|  0%| F|  |TAMS 0x00000000ea400000, 0x00000000ea400000| Untracked 
| 165|0x00000000ea500000, 0x00000000ea500000, 0x00000000ea600000|  0%| F|  |TAMS 0x00000000ea500000, 0x00000000ea500000| Untracked 
| 166|0x00000000ea600000, 0x00000000ea600000, 0x00000000ea700000|  0%| F|  |TAMS 0x00000000ea600000, 0x00000000ea600000| Untracked 
| 167|0x00000000ea700000, 0x00000000ea700000, 0x00000000ea800000|  0%| F|  |TAMS 0x00000000ea700000, 0x00000000ea700000| Untracked 
| 168|0x00000000ea800000, 0x00000000ea800000, 0x00000000ea900000|  0%| F|  |TAMS 0x00000000ea800000, 0x00000000ea800000| Untracked 
| 169|0x00000000ea900000, 0x00000000ea900000, 0x00000000eaa00000|  0%| F|  |TAMS 0x00000000ea900000, 0x00000000ea900000| Untracked 
| 170|0x00000000eaa00000, 0x00000000eaa00000, 0x00000000eab00000|  0%| F|  |TAMS 0x00000000eaa00000, 0x00000000eaa00000| Untracked 
| 171|0x00000000eab00000, 0x00000000eab00000, 0x00000000eac00000|  0%| F|  |TAMS 0x00000000eab00000, 0x00000000eab00000| Untracked 
| 172|0x00000000eac00000, 0x00000000eac00000, 0x00000000ead00000|  0%| F|  |TAMS 0x00000000eac00000, 0x00000000eac00000| Untracked 
| 173|0x00000000ead00000, 0x00000000ead00000, 0x00000000eae00000|  0%| F|  |TAMS 0x00000000ead00000, 0x00000000ead00000| Untracked 
| 174|0x00000000eae00000, 0x00000000eaeb6270, 0x00000000eaf00000| 71%| S|CS|TAMS 0x00000000eae00000, 0x00000000eae00000| Complete 
| 175|0x00000000eaf00000, 0x00000000eaf00000, 0x00000000eb000000|  0%| F|  |TAMS 0x00000000eaf00000, 0x00000000eaf00000| Untracked 
| 176|0x00000000eb000000, 0x00000000eb000000, 0x00000000eb100000|  0%| F|  |TAMS 0x00000000eb000000, 0x00000000eb000000| Untracked 
| 177|0x00000000eb100000, 0x00000000eb100000, 0x00000000eb200000|  0%| F|  |TAMS 0x00000000eb100000, 0x00000000eb100000| Untracked 
| 178|0x00000000eb200000, 0x00000000eb216b20, 0x00000000eb300000|  8%| E|  |TAMS 0x00000000eb200000, 0x00000000eb200000| Complete 
| 179|0x00000000eb300000, 0x00000000eb400000, 0x00000000eb400000|100%| E|CS|TAMS 0x00000000eb300000, 0x00000000eb300000| Complete 
| 180|0x00000000eb400000, 0x00000000eb500000, 0x00000000eb500000|100%| E|CS|TAMS 0x00000000eb400000, 0x00000000eb400000| Complete 
| 181|0x00000000eb500000, 0x00000000eb600000, 0x00000000eb600000|100%| E|CS|TAMS 0x00000000eb500000, 0x00000000eb500000| Complete 
| 182|0x00000000eb600000, 0x00000000eb700000, 0x00000000eb700000|100%| E|CS|TAMS 0x00000000eb600000, 0x00000000eb600000| Complete 
| 183|0x00000000eb700000, 0x00000000eb800000, 0x00000000eb800000|100%| E|CS|TAMS 0x00000000eb700000, 0x00000000eb700000| Complete 

Card table byte_map: [0x00000173a8920000,0x00000173a8a20000] _byte_map_base: 0x00000173a8220000

Marking Bits (Prev, Next): (CMBitMap*) 0x00000173920f22d0, (CMBitMap*) 0x00000173920f2310
 Prev Bits: [0x00000173a8b20000, 0x00000173a9320000)
 Next Bits: [0x00000173a9320000, 0x00000173a9b20000)

Polling page: 0x000001738ffd0000

Metaspace:

Usage:
  Non-class:      6.85 MB used.
      Class:      1.11 MB used.
       Both:      7.95 MB used.

Virtual space:
  Non-class space:        8.00 MB reserved,       6.94 MB ( 87%) committed,  1 nodes.
      Class space:        1.00 GB reserved,       1.25 MB ( <1%) committed,  1 nodes.
             Both:        1.01 GB reserved,       8.19 MB ( <1%) committed. 

Chunk freelists:
   Non-Class:  867.00 KB
       Class:  2.72 MB
        Both:  3.57 MB

MaxMetaspaceSize: unlimited
CompressedClassSpaceSize: 1.00 GB
Initial GC threshold: 21.00 MB
Current GC threshold: 21.00 MB
CDS: on
MetaspaceReclaimPolicy: balanced
 - commit_granule_bytes: 65536.
 - commit_granule_words: 8192.
 - virtual_space_node_default_size: 1048576.
 - enlarge_chunks_in_place: 1.
 - new_chunks_are_fully_committed: 0.
 - uncommit_free_chunks: 1.
 - use_allocation_guard: 0.
 - handle_deallocations: 1.


Internal statistics:

num_allocs_failed_limit: 0.
num_arena_births: 150.
num_arena_deaths: 0.
num_vsnodes_births: 2.
num_vsnodes_deaths: 0.
num_space_committed: 131.
num_space_uncommitted: 0.
num_chunks_returned_to_freelist: 0.
num_chunks_taken_from_freelist: 413.
num_chunk_merges: 0.
num_chunk_splits: 233.
num_chunks_enlarged: 138.
num_purges: 0.
num_inconsistent_stats: 0.

CodeHeap 'non-profiled nmethods': size=120000Kb used=442Kb max_used=442Kb free=119557Kb
 bounds [0x00000173a13f0000, 0x00000173a1660000, 0x00000173a8920000]
CodeHeap 'profiled nmethods': size=120000Kb used=2813Kb max_used=2813Kb free=117187Kb
 bounds [0x0000017399ec0000, 0x000001739a180000, 0x00000173a13f0000]
CodeHeap 'non-nmethods': size=5760Kb used=1156Kb max_used=1180Kb free=4603Kb
 bounds [0x0000017399920000, 0x0000017399b90000, 0x0000017399ec0000]
 total_blobs=1833 nmethods=1385 adapters=361
 compilation: enabled
              stopped_count=0, restarted_count=0
 full_count=0

Compilation events (20 events):
Event: 1.380 Thread 0x00000173ac0c6bf0 nmethod 1371 0x000001739a161790 code [0x000001739a161920, 0x000001739a161a68]
Event: 1.380 Thread 0x00000173ac0c6bf0 1372       3       java.util.stream.Sink$ChainedReference::<init> (16 bytes)
Event: 1.380 Thread 0x00000173ac0c6bf0 nmethod 1372 0x000001739a161b10 code [0x000001739a161ce0, 0x000001739a162128]
Event: 1.380 Thread 0x00000173ac0c6bf0 1373       3       sun.invoke.util.BytecodeDescriptor::unparseMethod (66 bytes)
Event: 1.381 Thread 0x00000173ac0c6bf0 nmethod 1373 0x000001739a162290 code [0x000001739a1624c0, 0x000001739a162b48]
Event: 1.384 Thread 0x00000173ac0c6bf0 1374       3       java.lang.invoke.MethodHandleNatives::linkCallSite (66 bytes)
Event: 1.384 Thread 0x00000173ac0c6bf0 nmethod 1374 0x000001739a162e10 code [0x000001739a162fe0, 0x000001739a163528]
Event: 1.384 Thread 0x00000173ac0c6bf0 1375       3       java.lang.invoke.MethodHandleNatives::linkCallSiteImpl (44 bytes)
Event: 1.385 Thread 0x00000173ac0c6bf0 nmethod 1375 0x000001739a163710 code [0x000001739a163940, 0x000001739a164278]
Event: 1.385 Thread 0x00000173ac0c6bf0 1376   !   3       java.lang.invoke.CallSite::makeSite (91 bytes)
Event: 1.386 Thread 0x00000173ac0c6bf0 nmethod 1376 0x000001739a164610 code [0x000001739a164940, 0x000001739a165a38]
Event: 1.386 Thread 0x00000173ac0c6bf0 1380       3       jdk.internal.org.objectweb.asm.FieldWriter::putFieldInfo (269 bytes)
Event: 1.387 Thread 0x00000173ac0c6bf0 nmethod 1380 0x000001739a166610 code [0x000001739a166880, 0x000001739a1671c8]
Event: 1.387 Thread 0x00000173ac0c6bf0 1381       3       jdk.internal.org.objectweb.asm.FieldVisitor::<init> (88 bytes)
Event: 1.388 Thread 0x00000173ac0c6bf0 nmethod 1381 0x000001739a167510 code [0x000001739a167760, 0x000001739a168048]
Event: 1.388 Thread 0x00000173ac0c6bf0 1377   !   3       java.lang.invoke.BootstrapMethodInvoker::invoke (974 bytes)
Event: 1.394 Thread 0x00000173ac0c6bf0 nmethod 1377 0x000001739a168310 code [0x000001739a168ba0, 0x000001739a170238]
Event: 1.394 Thread 0x00000173ac0c6bf0 1385       3       java.lang.String::hashCode (60 bytes)
Event: 1.395 Thread 0x00000173ac0c6bf0 nmethod 1385 0x000001739a173690 code [0x000001739a173860, 0x000001739a173bd8]
Event: 1.395 Thread 0x00000173ac0c6bf0 1382   !   3       java.lang.invoke.AbstractValidatingLambdaMetafactory::<init> (559 bytes)

GC Heap History (4 events):
Event: 0.829 GC heap before
{Heap before GC invocations=0 (full 0):
 garbage-first heap   total 188416K, used 12288K [0x00000000e0000000, 0x0000000100000000)
  region size 1024K, 13 young (13312K), 0 survivors (0K)
 Metaspace       used 4927K, committed 5120K, reserved 1056768K
  class space    used 636K, committed 704K, reserved 1048576K
}
Event: 0.835 GC heap after
{Heap after GC invocations=1 (full 0):
 garbage-first heap   total 188416K, used 3865K [0x00000000e0000000, 0x0000000100000000)
  region size 1024K, 2 young (2048K), 2 survivors (2048K)
 Metaspace       used 4927K, committed 5120K, reserved 1056768K
  class space    used 636K, committed 704K, reserved 1048576K
}
Event: 1.172 GC heap before
{Heap before GC invocations=1 (full 0):
 garbage-first heap   total 188416K, used 13081K [0x00000000e0000000, 0x0000000100000000)
  region size 1024K, 11 young (11264K), 2 survivors (2048K)
 Metaspace       used 7101K, committed 7296K, reserved 1056768K
  class space    used 949K, committed 1024K, reserved 1048576K
}
Event: 1.178 GC heap after
{Heap after GC invocations=2 (full 0):
 garbage-first heap   total 188416K, used 4911K [0x00000000e0000000, 0x0000000100000000)
  region size 1024K, 1 young (1024K), 1 survivors (1024K)
 Metaspace       used 7101K, committed 7296K, reserved 1056768K
  class space    used 949K, committed 1024K, reserved 1048576K
}

Deoptimization events (20 events):
Event: 0.878 Thread 0x00000173920c9aa0 DEOPT PACKING pc=0x0000017399f23365 sp=0x00000070caefd740
Event: 0.878 Thread 0x00000173920c9aa0 DEOPT UNPACKING pc=0x0000017399972b43 sp=0x00000070caefcbb8 mode 0
Event: 0.878 Thread 0x00000173920c9aa0 Uncommon trap: trap_request=0xffffff45 fr.pc=0x00000173a13fc364 relative=0x0000000000000064
Event: 0.878 Thread 0x00000173920c9aa0 Uncommon trap: reason=unstable_if action=reinterpret pc=0x00000173a13fc364 method=java.io.WinNTFileSystem.isSlash(C)Z @ 9 c2
Event: 0.878 Thread 0x00000173920c9aa0 DEOPT PACKING pc=0x00000173a13fc364 sp=0x00000070caefd450
Event: 0.878 Thread 0x00000173920c9aa0 DEOPT UNPACKING pc=0x00000173999723a3 sp=0x00000070caefd3d8 mode 2
Event: 0.879 Thread 0x00000173920c9aa0 DEOPT PACKING pc=0x0000017399ef80d6 sp=0x00000070caefd600
Event: 0.879 Thread 0x00000173920c9aa0 DEOPT UNPACKING pc=0x0000017399972b43 sp=0x00000070caefca88 mode 0
Event: 0.884 Thread 0x00000173920c9aa0 DEOPT PACKING pc=0x0000017399f23365 sp=0x00000070caef9170
Event: 0.884 Thread 0x00000173920c9aa0 DEOPT UNPACKING pc=0x0000017399972b43 sp=0x00000070caef85e8 mode 0
Event: 0.999 Thread 0x00000173920c9aa0 DEOPT PACKING pc=0x0000017399f2c038 sp=0x00000070caef9730
Event: 0.999 Thread 0x00000173920c9aa0 DEOPT UNPACKING pc=0x0000017399972b43 sp=0x00000070caef8c48 mode 0
Event: 1.044 Thread 0x00000173920c9aa0 DEOPT PACKING pc=0x000001739a05a93e sp=0x00000070caefaae0
Event: 1.045 Thread 0x00000173920c9aa0 DEOPT UNPACKING pc=0x0000017399972b43 sp=0x00000070caef9f58 mode 0
Event: 1.290 Thread 0x00000173920c9aa0 DEOPT PACKING pc=0x0000017399f08588 sp=0x00000070caefb2e0
Event: 1.290 Thread 0x00000173920c9aa0 DEOPT UNPACKING pc=0x0000017399972b43 sp=0x00000070caefa7e8 mode 0
Event: 1.388 Thread 0x00000173920c9aa0 Uncommon trap: trap_request=0xffffff45 fr.pc=0x00000173a13f8fd0 relative=0x00000000000001d0
Event: 1.388 Thread 0x00000173920c9aa0 Uncommon trap: reason=unstable_if action=reinterpret pc=0x00000173a13f8fd0 method=java.lang.String.hashCode()I @ 20 c2
Event: 1.388 Thread 0x00000173920c9aa0 DEOPT PACKING pc=0x00000173a13f8fd0 sp=0x00000070caefb110
Event: 1.388 Thread 0x00000173920c9aa0 DEOPT UNPACKING pc=0x00000173999723a3 sp=0x00000070caefb0a0 mode 2

Classes unloaded (0 events):
No events

Classes redefined (0 events):
No events

Internal exceptions (20 events):
Event: 1.110 Thread 0x00000173920c9aa0 Exception <a 'java/lang/NoSuchMethodError'{0x00000000eb051388}: 'java.lang.Object java.lang.invoke.DirectMethodHandle$Holder.invokeInterface(java.lang.Object, java.lang.Object, java.lang.Object)'> (0x00000000eb051388) 
thrown [t:\workspace\open\src\hotspot\share\interpreter\linkResolver.cpp, line 766]
Event: 1.132 Thread 0x00000173920c9aa0 Exception <a 'java/lang/NoSuchMethodError'{0x00000000eb0e36f8}: 'java.lang.Object java.lang.invoke.DirectMethodHandle$Holder.newInvokeSpecial(java.lang.Object, java.lang.Object, java.lang.Object, java.lang.Object, java.lang.Object, java.lang.Object)'> (0x00000000eb0e36f8) 
thrown [t:\workspace\open\src\hotspot\share\interpreter\linkResolver.cpp, line 766]
Event: 1.140 Thread 0x00000173920c9aa0 Exception <a 'java/lang/NoSuchMethodError'{0x00000000eaf2cac8}: 'void java.lang.invoke.DirectMethodHandle$Holder.invokeInterface(java.lang.Object, java.lang.Object, java.lang.Object, java.lang.Object, java.lang.Object)'> (0x00000000eaf2cac8) 
thrown [t:\workspace\open\src\hotspot\share\interpreter\linkResolver.cpp, line 766]
Event: 1.141 Thread 0x00000173920c9aa0 Exception <a 'java/lang/IncompatibleClassChangeError'{0x00000000eaf30a40}: Found class java.lang.Object, but interface was expected> (0x00000000eaf30a40) 
thrown [t:\workspace\open\src\hotspot\share\interpreter\linkResolver.cpp, line 833]
Event: 1.149 Thread 0x00000173920c9aa0 Exception <a 'java/lang/IncompatibleClassChangeError'{0x00000000eaf670b8}: Found class java.lang.Object, but interface was expected> (0x00000000eaf670b8) 
thrown [t:\workspace\open\src\hotspot\share\interpreter\linkResolver.cpp, line 833]
Event: 1.166 Thread 0x00000173920c9aa0 Exception <a 'java/lang/NoSuchMethodError'{0x00000000eafd9270}: 'void java.lang.invoke.DirectMethodHandle$Holder.invokeSpecial(java.lang.Object, java.lang.Object, java.lang.Object, java.lang.Object, java.lang.Object)'> (0x00000000eafd9270) 
thrown [t:\workspace\open\src\hotspot\share\interpreter\linkResolver.cpp, line 766]
Event: 1.196 Thread 0x00000173920c9aa0 Exception <a 'java/lang/NoSuchMethodError'{0x00000000eb771088}: 'void java.lang.invoke.DirectMethodHandle$Holder.invokeInterface(java.lang.Object, java.lang.Object, java.lang.Object, java.lang.Object)'> (0x00000000eb771088) 
thrown [t:\workspace\open\src\hotspot\share\interpreter\linkResolver.cpp, line 766]
Event: 1.197 Thread 0x00000173920c9aa0 Exception <a 'java/lang/IncompatibleClassChangeError'{0x00000000eb774c58}: Found class java.lang.Object, but interface was expected> (0x00000000eb774c58) 
thrown [t:\workspace\open\src\hotspot\share\interpreter\linkResolver.cpp, line 833]
Event: 1.205 Thread 0x00000173920c9aa0 Exception <a 'java/lang/NoSuchMethodError'{0x00000000eb7cafa0}: 'void java.lang.invoke.DirectMethodHandle$Holder.invokeStatic(java.lang.Object, java.lang.Object, java.lang.Object, java.lang.Object)'> (0x00000000eb7cafa0) 
thrown [t:\workspace\open\src\hotspot\share\interpreter\linkResolver.cpp, line 766]
Event: 1.226 Thread 0x00000173920c9aa0 Exception <a 'java/lang/NoSuchMethodError'{0x00000000eb6303b0}: 'int java.lang.invoke.DirectMethodHandle$Holder.invokeStatic(java.lang.Object, java.lang.Object, java.lang.Object, java.lang.Object)'> (0x00000000eb6303b0) 
thrown [t:\workspace\open\src\hotspot\share\interpreter\linkResolver.cpp, line 766]
Event: 1.227 Thread 0x00000173920c9aa0 Exception <a 'java/lang/NoSuchMethodError'{0x00000000eb633d30}: 'java.lang.Object java.lang.invoke.Invokers$Holder.invokeExact_MT(java.lang.Object, java.lang.Object, java.lang.Object, java.lang.Object, java.lang.Object, java.lang.Object)'> (0x00000000eb633d30) 
thrown [t:\workspace\open\src\hotspot\share\interpreter\linkResolver.cpp, line 766]
Event: 1.232 Thread 0x00000173920c9aa0 Exception <a 'java/lang/NoSuchMethodError'{0x00000000eb6435e0}: 'int java.lang.invoke.DirectMethodHandle$Holder.invokeStatic(java.lang.Object, java.lang.Object, java.lang.Object, java.lang.Object, java.lang.Object)'> (0x00000000eb6435e0) 
thrown [t:\workspace\open\src\hotspot\share\interpreter\linkResolver.cpp, line 766]
Event: 1.252 Thread 0x00000173920c9aa0 Exception <a 'java/lang/NoSuchMethodError'{0x00000000eb6944f0}: 'void java.lang.invoke.DirectMethodHandle$Holder.invokeStaticInit(java.lang.Object)'> (0x00000000eb6944f0) 
thrown [t:\workspace\open\src\hotspot\share\interpreter\linkResolver.cpp, line 766]
Event: 1.298 Thread 0x00000173920c9aa0 Exception <a 'java/lang/NoSuchMethodError'{0x00000000eb585810}: 'java.lang.Object java.lang.invoke.DirectMethodHandle$Holder.newInvokeSpecial(java.lang.Object, java.lang.Object, int)'> (0x00000000eb585810) 
thrown [t:\workspace\open\src\hotspot\share\interpreter\linkResolver.cpp, line 766]
Event: 1.308 Thread 0x00000173920c9aa0 Exception <a 'java/lang/NoSuchMethodError'{0x00000000eb5c70a8}: 'int java.lang.invoke.DirectMethodHandle$Holder.invokeStaticInit(java.lang.Object, java.lang.Object)'> (0x00000000eb5c70a8) 
thrown [t:\workspace\open\src\hotspot\share\interpreter\linkResolver.cpp, line 766]
Event: 1.355 Thread 0x00000173920c9aa0 Exception <a 'java/lang/NoSuchMethodError'{0x00000000eb4f7350}: 'java.lang.Object java.lang.invoke.DirectMethodHandle$Holder.newInvokeSpecial(java.lang.Object, java.lang.Object, java.lang.Object, java.lang.Object, java.lang.Object, java.lang.Object, java.lang.Object)'> (0x00000000eb4f7350) 
thrown [t:\workspace\open\src\hotspot\share\interpreter\linkResolver.cpp, line 766]
Event: 1.356 Thread 0x00000173920c9aa0 Exception <a 'java/lang/NoSuchMethodError'{0x00000000eb4fbf08}: 'java.lang.Object java.lang.invoke.Invokers$Holder.linkToTargetMethod(java.lang.Object, java.lang.Object, java.lang.Object, java.lang.Object, java.lang.Object, java.lang.Object, java.lang.Object)'> (0x00000000eb4fbf08) 
thrown [t:\workspace\open\src\hotspot\share\interpreter\linkResolver.cpp, line 766]
Event: 1.358 Thread 0x00000173920c9aa0 Exception <a 'java/lang/NoSuchMethodError'{0x00000000eb30f030}: 'java.lang.Object java.lang.invoke.DirectMethodHandle$Holder.invokeInterface(java.lang.Object, java.lang.Object, java.lang.Object, java.lang.Object, java.lang.Object)'> (0x00000000eb30f030) 
thrown [t:\workspace\open\src\hotspot\share\interpreter\linkResolver.cpp, line 766]
Event: 1.359 Thread 0x00000173920c9aa0 Exception <a 'java/lang/IncompatibleClassChangeError'{0x00000000eb312e28}: Found class java.lang.Object, but interface was expected> (0x00000000eb312e28) 
thrown [t:\workspace\open\src\hotspot\share\interpreter\linkResolver.cpp, line 833]
Event: 1.396 Thread 0x00000173920c9aa0 Implicit null exception at 0x00000173a142fcaf to 0x0000000000000000

VM Operations (20 events):
Event: 0.462 Executing VM operation: HandshakeAllThreads
Event: 0.462 Executing VM operation: HandshakeAllThreads done
Event: 0.511 Executing VM operation: HandshakeAllThreads
Event: 0.512 Executing VM operation: HandshakeAllThreads done
Event: 0.524 Executing VM operation: HandshakeAllThreads
Event: 0.524 Executing VM operation: HandshakeAllThreads done
Event: 0.544 Executing VM operation: HandshakeAllThreads
Event: 0.544 Executing VM operation: HandshakeAllThreads done
Event: 0.805 Executing VM operation: HandshakeAllThreads
Event: 0.805 Executing VM operation: HandshakeAllThreads done
Event: 0.828 Executing VM operation: G1CollectForAllocation
Event: 0.835 Executing VM operation: G1CollectForAllocation done
Event: 0.878 Executing VM operation: HandshakeAllThreads
Event: 0.878 Executing VM operation: HandshakeAllThreads done
Event: 0.935 Executing VM operation: HandshakeAllThreads
Event: 0.935 Executing VM operation: HandshakeAllThreads done
Event: 1.172 Executing VM operation: G1CollectForAllocation
Event: 1.178 Executing VM operation: G1CollectForAllocation done
Event: 1.363 Executing VM operation: HandshakeAllThreads
Event: 1.363 Executing VM operation: HandshakeAllThreads done

Events (20 events):
Event: 1.306 loading class java/util/concurrent/ExecutionException
Event: 1.306 loading class java/util/concurrent/ExecutionException done
Event: 1.336 loading class java/util/function/BooleanSupplier
Event: 1.336 loading class java/util/function/BooleanSupplier done
Event: 1.363 loading class java/util/ArrayList$ListItr
Event: 1.363 loading class java/util/ArrayList$ListItr done
Event: 1.386 loading class java/time/format/DateTimeParseException
Event: 1.386 loading class java/time/DateTimeException
Event: 1.386 loading class java/time/DateTimeException done
Event: 1.386 loading class java/time/format/DateTimeParseException done
Event: 1.391 loading class sun/misc/Unsafe
Event: 1.391 loading class sun/misc/Unsafe done
Event: 1.392 loading class java/lang/invoke/DirectMethodHandle$StaticAccessor
Event: 1.392 loading class java/lang/invoke/DirectMethodHandle$StaticAccessor done
Event: 1.392 loading class java/lang/invoke/DirectMethodHandle$EnsureInitialized
Event: 1.392 loading class java/lang/invoke/DirectMethodHandle$EnsureInitialized done
Event: 1.393 loading class java/lang/invoke/DirectMethodHandle$1
Event: 1.393 loading class java/lang/invoke/DirectMethodHandle$1 done
Event: 1.395 loading class java/nio/charset/CharacterCodingException
Event: 1.395 loading class java/nio/charset/CharacterCodingException done


Dynamic libraries:
0x00007ff7954a0000 - 0x00007ff7954b0000 	C:\Program Files\Java\jdk-17.0.2\bin\java.exe
0x00007ffa78390000 - 0x00007ffa78588000 	C:\WINDOWS\SYSTEM32\ntdll.dll
0x00007ffa77860000 - 0x00007ffa7791d000 	C:\WINDOWS\System32\KERNEL32.DLL
0x00007ffa75c50000 - 0x00007ffa75f46000 	C:\WINDOWS\System32\KERNELBASE.dll
0x00007ffa762d0000 - 0x00007ffa763d0000 	C:\WINDOWS\System32\ucrtbase.dll
0x00007ffa46fa0000 - 0x00007ffa46fb8000 	C:\Program Files\Java\jdk-17.0.2\bin\jli.dll
0x00007ffa5aff0000 - 0x00007ffa5b00a000 	C:\Program Files\Java\jdk-17.0.2\bin\VCRUNTIME140.dll
0x00007ffa77410000 - 0x00007ffa774c0000 	C:\WINDOWS\System32\ADVAPI32.dll
0x00007ffa782b0000 - 0x00007ffa7834e000 	C:\WINDOWS\System32\msvcrt.dll
0x00007ffa77180000 - 0x00007ffa77220000 	C:\WINDOWS\System32\sechost.dll
0x00007ffa77580000 - 0x00007ffa776a3000 	C:\WINDOWS\System32\RPCRT4.dll
0x00007ffa75b80000 - 0x00007ffa75ba7000 	C:\WINDOWS\System32\bcrypt.dll
0x00007ffa776b0000 - 0x00007ffa7784f000 	C:\WINDOWS\System32\USER32.dll
0x00007ffa75c20000 - 0x00007ffa75c42000 	C:\WINDOWS\System32\win32u.dll
0x00007ffa763d0000 - 0x00007ffa763fb000 	C:\WINDOWS\System32\GDI32.dll
0x00007ffa75f50000 - 0x00007ffa76067000 	C:\WINDOWS\System32\gdi32full.dll
0x00007ffa75a50000 - 0x00007ffa75aed000 	C:\WINDOWS\System32\msvcp_win.dll
0x00007ffa63090000 - 0x00007ffa6332a000 	C:\WINDOWS\WinSxS\amd64_microsoft.windows.common-controls_6595b64144ccf1df_6.0.19041.4355_none_60b8b9eb71f62e16\COMCTL32.dll
0x00007ffa6c060000 - 0x00007ffa6c06a000 	C:\WINDOWS\SYSTEM32\VERSION.dll
0x00007ffa78000000 - 0x00007ffa7802f000 	C:\WINDOWS\System32\IMM32.DLL
0x00007ffa72190000 - 0x00007ffa7219c000 	C:\Program Files\Java\jdk-17.0.2\bin\vcruntime140_1.dll
0x00007ffa1a920000 - 0x00007ffa1a9ad000 	C:\Program Files\Java\jdk-17.0.2\bin\msvcp140.dll
0x00007ffa0cd70000 - 0x00007ffa0d931000 	C:\Program Files\Java\jdk-17.0.2\bin\server\jvm.dll
0x00007ffa77170000 - 0x00007ffa77178000 	C:\WINDOWS\System32\PSAPI.DLL
0x00007ffa72ff0000 - 0x00007ffa72ff9000 	C:\WINDOWS\SYSTEM32\WSOCK32.dll
0x00007ffa5e200000 - 0x00007ffa5e227000 	C:\WINDOWS\SYSTEM32\WINMM.dll
0x00007ffa77f90000 - 0x00007ffa77ffb000 	C:\WINDOWS\System32\WS2_32.dll
0x00007ffa737f0000 - 0x00007ffa73802000 	C:\WINDOWS\SYSTEM32\kernel.appcore.dll
0x00007ffa5afd0000 - 0x00007ffa5afda000 	C:\Program Files\Java\jdk-17.0.2\bin\jimage.dll
0x00007ffa72de0000 - 0x00007ffa72fc4000 	C:\WINDOWS\SYSTEM32\DBGHELP.DLL
0x00007ffa4e290000 - 0x00007ffa4e2c4000 	C:\WINDOWS\SYSTEM32\dbgcore.DLL
0x00007ffa75af0000 - 0x00007ffa75b72000 	C:\WINDOWS\System32\bcryptPrimitives.dll
0x00007ffa3e590000 - 0x00007ffa3e5b5000 	C:\Program Files\Java\jdk-17.0.2\bin\java.dll
0x00007ffa15470000 - 0x00007ffa15546000 	C:\Program Files\Java\jdk-17.0.2\bin\jsvml.dll
0x00007ffa76670000 - 0x00007ffa76ddc000 	C:\WINDOWS\System32\SHELL32.dll
0x00007ffa73ad0000 - 0x00007ffa7426d000 	C:\WINDOWS\SYSTEM32\windows.storage.dll
0x00007ffa76de0000 - 0x00007ffa77133000 	C:\WINDOWS\System32\combase.dll
0x00007ffa75470000 - 0x00007ffa7549e000 	C:\WINDOWS\SYSTEM32\Wldp.dll
0x00007ffa781e0000 - 0x00007ffa782ad000 	C:\WINDOWS\System32\OLEAUT32.dll
0x00007ffa77360000 - 0x00007ffa7740d000 	C:\WINDOWS\System32\SHCORE.dll
0x00007ffa774c0000 - 0x00007ffa77515000 	C:\WINDOWS\System32\shlwapi.dll
0x00007ffa75980000 - 0x00007ffa759a4000 	C:\WINDOWS\SYSTEM32\profapi.dll
0x00007ffa433e0000 - 0x00007ffa433f9000 	C:\Program Files\Java\jdk-17.0.2\bin\net.dll
0x00007ffa6b240000 - 0x00007ffa6b34a000 	C:\WINDOWS\SYSTEM32\WINHTTP.dll
0x00007ffa751d0000 - 0x00007ffa7523a000 	C:\WINDOWS\system32\mswsock.dll
0x00007ffa42ff0000 - 0x00007ffa43006000 	C:\Program Files\Java\jdk-17.0.2\bin\nio.dll
0x00007ffa43c80000 - 0x00007ffa43c98000 	C:\Program Files\Java\jdk-17.0.2\bin\zip.dll
0x00007ffa51e60000 - 0x00007ffa51e70000 	C:\Program Files\Java\jdk-17.0.2\bin\verify.dll
0x00007ffa51bf0000 - 0x00007ffa51bfe000 	C:\Program Files\Java\jdk-17.0.2\bin\sunmscapi.dll
0x00007ffa76170000 - 0x00007ffa762ce000 	C:\WINDOWS\System32\CRYPT32.dll
0x00007ffa754e0000 - 0x00007ffa75509000 	C:\WINDOWS\SYSTEM32\ncrypt.dll
0x00007ffa754a0000 - 0x00007ffa754db000 	C:\WINDOWS\SYSTEM32\NTASN1.dll
0x00007ffa5ced0000 - 0x00007ffa5ced7000 	C:\WINDOWS\system32\wshunix.dll
0x00007ffa753d0000 - 0x00007ffa753e8000 	C:\WINDOWS\SYSTEM32\CRYPTSP.dll
0x00007ffa74a80000 - 0x00007ffa74ab4000 	C:\WINDOWS\system32\rsaenh.dll
0x00007ffa758f0000 - 0x00007ffa7591e000 	C:\WINDOWS\SYSTEM32\USERENV.dll
0x00007ffa753c0000 - 0x00007ffa753cc000 	C:\WINDOWS\SYSTEM32\CRYPTBASE.dll
0x00007ffa74e60000 - 0x00007ffa74e9b000 	C:\WINDOWS\SYSTEM32\IPHLPAPI.DLL
0x00007ffa77850000 - 0x00007ffa77858000 	C:\WINDOWS\System32\NSI.dll
0x00007ffa6d130000 - 0x00007ffa6d147000 	C:\WINDOWS\SYSTEM32\dhcpcsvc6.DLL
0x00007ffa6e590000 - 0x00007ffa6e5ad000 	C:\WINDOWS\SYSTEM32\dhcpcsvc.DLL
0x00007ffa74ea0000 - 0x00007ffa74f6a000 	C:\WINDOWS\SYSTEM32\DNSAPI.dll

dbghelp: loaded successfully - version: 4.0.5 - missing functions: none
symbol engine: initialized successfully - sym options: 0x614 - pdb path: .;C:\Program Files\Java\jdk-17.0.2\bin;C:\WINDOWS\SYSTEM32;C:\WINDOWS\WinSxS\amd64_microsoft.windows.common-controls_6595b64144ccf1df_6.0.19041.4355_none_60b8b9eb71f62e16;C:\Program Files\Java\jdk-17.0.2\bin\server

VM Arguments:
jvm_args: -Dorg.gradle.internal.worker.tmpdir=C:\Users\someb\Documents\IdeaProjects\DynamicJava\app\build\tmp\test\work -Dorg.gradle.native=false -Xmx512m -Dfile.encoding=windows-1251 -Duser.country=RU -Duser.language=ru -Duser.variant -ea 
java_command: worker.org.gradle.process.internal.worker.GradleWorkerMain 'Gradle Test Executor 62'
java_class_path (initial): C:\\Users\\someb\\.gradle\\caches\\8.7\\workerMain\\gradle-worker.jar;C:\\Users\\someb\\Documents\\IdeaProjects\\DynamicJava\\app\\build\\classes\\java\\test;C:\\Users\\someb\\Documents\\IdeaProjects\\DynamicJava\\app\\build\\classes\\java\\main;C:\\Users\\someb\\Documents\\IdeaProjects\\DynamicJava\\app\\build\\resources\\main;C:\\Users\\someb\\Documents\\IdeaProjects\\DynamicJava\\premain\\build\\libs\\premain-1.jar;C:\\Users\\someb\\Documents\\IdeaProjects\\DynamicJava\\core\\build\\libs\\core.jar;C:\\Users\\someb\\.gradle\\caches\\modules-2\\files-2.1\\org.jetbrains\\annotations\\24.0.0\\69b8b443c437fdeefa8d20c18d257b94836a92b9\\annotations-24.0.0.jar;C:\\Users\\someb\\.gradle\\caches\\modules-2\\files-2.1\\org.junit.jupiter\\junit-jupiter\\5.9.1\\9274d3757e224bc02eae367bd481062a263c150b\\junit-jupiter-5.9.1.jar;C:\\Users\\someb\\.gradle\\caches\\modules-2\\files-2.1\\org.junit.platform\\junit-platform-launcher\\1.9.1\\b4534f5130dcfb10e8ac41a5fba6ec656c9ede06\\junit-platform-launcher-1.9.1.jar;C:\\Users\\someb\\.gradle\\caches\\modules-2\\files-2.1\\org.junit.jupiter\\junit-jupiter-params\\5.9.1\\ffcd1013edaeee112be11fcddeb38882d79238de\\junit-jupiter-params-5.9.1.jar;C:\\Users\\someb\\.gradle\\caches\\modules-2\\files-2.1\\org.junit.jupiter\\junit-jupiter-engine\\5.9.1\\1bf771097bde296c3ab174861954e8aafaaf2e94\\junit-jupiter-engine-5.9.1.jar;C:\\Users\\someb\\.gradle\\caches\\modules-2\\files-2.1\\org.junit.jupiter\\junit-jupiter-api\\5.9.1\\7bb53fbc0173e9f6a9d21d58297af94b1f2f9ce1\\junit-jupiter-api-5.9.1.jar;C:\\Users\\someb\\.gradle\\caches\\modules-2\\files-2.1\\org.junit.platform\\junit-platform-engine\\1.9.1\\83591e5089d6cea5f324aa3ecca9b19d5a275803\\junit-platform-engine-1.9.1.jar;C:\\Users\\someb\\.gradle\\caches\\modules-2\\files-2.1\\org.junit.platform\\junit-platform-commons\\1.9.1\\3145f821b5cd10abcdc5f925baa5fffa6f1b628f\\junit-platform-commons-1.9.1.jar;C:\\Users\\someb\\.gradle\\caches\\modules-2\\files-2.1\\org.opent
Launcher Type: SUN_STANDARD

[Global flags]
     intx CICompilerCount                          = 3                                         {product} {ergonomic}
     uint ConcGCThreads                            = 1                                         {product} {ergonomic}
     uint G1ConcRefinementThreads                  = 4                                         {product} {ergonomic}
   size_t G1HeapRegionSize                         = 1048576                                   {product} {ergonomic}
    uintx GCDrainStackTargetSize                   = 64                                        {product} {ergonomic}
   size_t InitialHeapSize                          = 192937984                                 {product} {ergonomic}
   size_t MarkStackSize                            = 4194304                                   {product} {ergonomic}
   size_t MaxHeapSize                              = 536870912                                 {product} {command line}
   size_t MaxNewSize                               = 321912832                                 {product} {ergonomic}
   size_t MinHeapDeltaBytes                        = 1048576                                   {product} {ergonomic}
   size_t MinHeapSize                              = 8388608                                   {product} {ergonomic}
    uintx NonNMethodCodeHeapSize                   = 5832780                                {pd product} {ergonomic}
    uintx NonProfiledCodeHeapSize                  = 122912730                              {pd product} {ergonomic}
    uintx ProfiledCodeHeapSize                     = 122912730                              {pd product} {ergonomic}
    uintx ReservedCodeCacheSize                    = 251658240                              {pd product} {ergonomic}
     bool SegmentedCodeCache                       = true                                      {product} {ergonomic}
   size_t SoftMaxHeapSize                          = 536870912                              {manageable} {ergonomic}
     bool UseCompressedClassPointers               = true                           {product lp64_product} {ergonomic}
     bool UseCompressedOops                        = true                           {product lp64_product} {ergonomic}
     bool UseG1GC                                  = true                                      {product} {ergonomic}
     bool UseLargePagesIndividualAllocation        = false                                  {pd product} {ergonomic}

Logging:
Log output configuration:
 #0: stdout all=warning uptime,level,tags
 #1: stderr all=off uptime,level,tags

Environment Variables:
JAVA_HOME=C:\Program Files\Java\jdk-17.0.2
CLASSPATH=C:\tools\stuff\classes
PATH=C:\Program Files (x86)\VMware\VMware Workstation\bin\;C:\Program Files\Common Files\Oracle\Java\javapath;C:\Program Files (x86)\Common Files\Oracle\Java\java8path;C:\Program Files (x86)\Common Files\Oracle\Java\javapath;C:\WINDOWS\system32;C:\WINDOWS;C:\WINDOWS\System32\Wbem;C:\WINDOWS\System32\WindowsPowerShell\v1.0\;C:\WINDOWS\System32\OpenSSH\;C:\tools\PATH;C:\Program Files (x86)\VMware\VMware Workstation;C:\Users\someb\AppData\Local\Programs\Python\Python310\Scripts\;C:\Users\someb\AppData\Local\Programs\Python\Python310\;C:\Users\someb\AppData\Local\Microsoft\WindowsApps;C:\Program Files\JetBrains\IntelliJ IDEA Community Edition 2021.3.2\bin;C:\Program Files\MySQL\MySQL Server 8.0\bin;C:\tools\PATH\ffmpeg\bin;C:\Program Files\PuTTY\;C:\tools\PATH\dex-tools;C:\tools\PATH\scala\bin;C:\Program Files (x86)\Microsoft Visual Studio\2022\BuildTools\VC\Tools\MSVC\14.35.32215\bin\Hostx64\x64;C:\tools\stuff\dll;C:\Program Files\dotnet\;C:\Program Files\qemu\;C:\Program Files\WireSock VPN Client\bin\;C:\Program Files\010 Editor;C:\Program Files\Git\cmd;C:\Users\someb\AppData\Local\Programs\Python\Python312\Scripts\;C:\Users\someb\AppData\Local\Programs\Python\Python312\;C:\Users\someb\AppData\Local\Programs\Python\Launcher\;C:\Users\someb\AppData\Local\Microsoft\WindowsApps;;C:\Program Files\JetBrains\IntelliJ IDEA Community Edition 2021.3.2\bin;;C:\Program Files\JetBrains\IntelliJ IDEA 2022.1.3\bin;;C:\Program Files\JetBrains\WebStorm 2023.1.3\bin;;C:\Program Files\JetBrains\CLion 2023.2.2\bin;
USERNAME=someb
OS=Windows_NT
PROCESSOR_IDENTIFIER=Intel64 Family 6 Model 78 Stepping 3, GenuineIntel



---------------  S Y S T E M  ---------------

OS:
 Windows 10 , 64 bit Build 19041 (10.0.19041.3636)
OS uptime: 2 days 5:13 hours

CPU: total 4 (initial active 4) (2 cores per cpu, 2 threads per core) family 6 model 78 stepping 3 microcode 0xcc, cx8, cmov, fxsr, ht, mmx, 3dnowpref, sse, sse2, sse3, ssse3, sse4.1, sse4.2, popcnt, lzcnt, tsc, tscinvbit, avx, avx2, aes, erms, clmul, bmi1, bmi2, rtm, adx, fma, vzeroupper, clflush, clflushopt

Memory: 4k page, system-wide physical 11707M (2860M free)
TotalPageFile size 23483M (AvailPageFile size 11399M)
current process WorkingSet (physical memory assigned to process): 75M, peak: 75M
current process commit charge ("private bytes"): 278M, peak: 278M

vm_info: Java HotSpot(TM) 64-Bit Server VM (17.0.2+8-LTS-86) for windows-amd64 JRE (17.0.2+8-LTS-86), built on Dec  7 2021 21:51:03 by "mach5one" with MS VC++ 16.8 / 16.9 (VS2019)

END.
